Running LeNet with fc1 layer
--- Processing class: plane ---
Namespace(model='lenet', model_path='None', saved_model='lenet_cifar10.pt', data_path='/data/shenghao/dataset/', importance_file='/home/shenghao/torch-deepimportance/captum_demo/saved_files/plane_lenet_importance_fc1.json', viz=False, epochs=10, device='cuda:0', is_cifar10=True, test_image='plane', attr='lrp', layer_index=3, capture_all=True, use_silhouette=False, n_clusters=2, cluster_scores=False, top_m_neurons=10)
Files already downloaded and verified
Files already downloaded and verified
Selecting top 10 neurons (FC layer).
Getting the Class: plane
The cluster labels: [0 1 0 1 1 1 0 0 0 1], etc., with number of clusters: 2
Activation values clustered.
GroundTruth: plane, Model Layer: Linear(in_features=400, out_features=120, bias=True)
Selecting top 10 neurons (FC layer).
Getting the Class: plane
Total INCC combinations: 1024
Max Coverage (the best we can achieve): 97.656250%
IDC Coverage: 22.656250%
--- Processing class: car ---
Namespace(model='lenet', model_path='None', saved_model='lenet_cifar10.pt', data_path='/data/shenghao/dataset/', importance_file='/home/shenghao/torch-deepimportance/captum_demo/saved_files/plane_lenet_importance_fc1.json', viz=False, epochs=10, device='cuda:0', is_cifar10=True, test_image='car', attr='lrp', layer_index=3, capture_all=True, use_silhouette=False, n_clusters=2, cluster_scores=False, top_m_neurons=10)
Files already downloaded and verified
Files already downloaded and verified
Selecting top 10 neurons (FC layer).
Getting the Class: plane
The cluster labels: [0 1 1 0 1 0 1 0 0 1], etc., with number of clusters: 2
Activation values clustered.
GroundTruth: car, Model Layer: Linear(in_features=400, out_features=120, bias=True)
Selecting top 10 neurons (FC layer).
Getting the Class: car
Total INCC combinations: 1024
Max Coverage (the best we can achieve): 97.656250%
IDC Coverage: 14.062500%
--- Processing class: bird ---
Namespace(model='lenet', model_path='None', saved_model='lenet_cifar10.pt', data_path='/data/shenghao/dataset/', importance_file='/home/shenghao/torch-deepimportance/captum_demo/saved_files/plane_lenet_importance_fc1.json', viz=False, epochs=10, device='cuda:0', is_cifar10=True, test_image='bird', attr='lrp', layer_index=3, capture_all=True, use_silhouette=False, n_clusters=2, cluster_scores=False, top_m_neurons=10)
Files already downloaded and verified
Files already downloaded and verified
Selecting top 10 neurons (FC layer).
Getting the Class: plane
The cluster labels: [0 0 1 1 1 1 0 1 0 1], etc., with number of clusters: 2
Activation values clustered.
GroundTruth: bird, Model Layer: Linear(in_features=400, out_features=120, bias=True)
Selecting top 10 neurons (FC layer).
Getting the Class: bird
Total INCC combinations: 1024
Max Coverage (the best we can achieve): 97.656250%
IDC Coverage: 25.683594%
--- Processing class: cat ---
Namespace(model='lenet', model_path='None', saved_model='lenet_cifar10.pt', data_path='/data/shenghao/dataset/', importance_file='/home/shenghao/torch-deepimportance/captum_demo/saved_files/plane_lenet_importance_fc1.json', viz=False, epochs=10, device='cuda:0', is_cifar10=True, test_image='cat', attr='lrp', layer_index=3, capture_all=True, use_silhouette=False, n_clusters=2, cluster_scores=False, top_m_neurons=10)
Files already downloaded and verified
Files already downloaded and verified
Selecting top 10 neurons (FC layer).
Getting the Class: plane
The cluster labels: [1 0 1 1 0 1 1 1 0 1], etc., with number of clusters: 2
Activation values clustered.
GroundTruth: cat, Model Layer: Linear(in_features=400, out_features=120, bias=True)
Selecting top 10 neurons (FC layer).
Getting the Class: cat
Total INCC combinations: 1024
Max Coverage (the best we can achieve): 97.656250%
IDC Coverage: 18.554688%
--- Processing class: deer ---
Namespace(model='lenet', model_path='None', saved_model='lenet_cifar10.pt', data_path='/data/shenghao/dataset/', importance_file='/home/shenghao/torch-deepimportance/captum_demo/saved_files/plane_lenet_importance_fc1.json', viz=False, epochs=10, device='cuda:0', is_cifar10=True, test_image='deer', attr='lrp', layer_index=3, capture_all=True, use_silhouette=False, n_clusters=2, cluster_scores=False, top_m_neurons=10)
Files already downloaded and verified
Files already downloaded and verified
Selecting top 10 neurons (FC layer).
Getting the Class: plane
The cluster labels: [0 0 0 1 0 0 0 0 1 0], etc., with number of clusters: 2
Activation values clustered.
GroundTruth: deer, Model Layer: Linear(in_features=400, out_features=120, bias=True)
Selecting top 10 neurons (FC layer).
Getting the Class: deer
Total INCC combinations: 1024
Max Coverage (the best we can achieve): 97.656250%
IDC Coverage: 22.167969%
--- Processing class: dog ---
Namespace(model='lenet', model_path='None', saved_model='lenet_cifar10.pt', data_path='/data/shenghao/dataset/', importance_file='/home/shenghao/torch-deepimportance/captum_demo/saved_files/plane_lenet_importance_fc1.json', viz=False, epochs=10, device='cuda:0', is_cifar10=True, test_image='dog', attr='lrp', layer_index=3, capture_all=True, use_silhouette=False, n_clusters=2, cluster_scores=False, top_m_neurons=10)
Files already downloaded and verified
Files already downloaded and verified
Selecting top 10 neurons (FC layer).
Getting the Class: plane
The cluster labels: [1 0 1 0 1 1 0 0 1 0], etc., with number of clusters: 2
Activation values clustered.
GroundTruth: dog, Model Layer: Linear(in_features=400, out_features=120, bias=True)
Selecting top 10 neurons (FC layer).
Getting the Class: dog
Total INCC combinations: 1024
Max Coverage (the best we can achieve): 97.656250%
IDC Coverage: 11.914062%
--- Processing class: frog ---
Namespace(model='lenet', model_path='None', saved_model='lenet_cifar10.pt', data_path='/data/shenghao/dataset/', importance_file='/home/shenghao/torch-deepimportance/captum_demo/saved_files/plane_lenet_importance_fc1.json', viz=False, epochs=10, device='cuda:0', is_cifar10=True, test_image='frog', attr='lrp', layer_index=3, capture_all=True, use_silhouette=False, n_clusters=2, cluster_scores=False, top_m_neurons=10)
Files already downloaded and verified
Files already downloaded and verified
Selecting top 10 neurons (FC layer).
Getting the Class: plane
The cluster labels: [0 1 0 1 1 1 0 1 1 0], etc., with number of clusters: 2
Activation values clustered.
GroundTruth: frog, Model Layer: Linear(in_features=400, out_features=120, bias=True)
Selecting top 10 neurons (FC layer).
Getting the Class: frog
Total INCC combinations: 1024
Max Coverage (the best we can achieve): 97.656250%
IDC Coverage: 15.136719%
--- Processing class: horse ---
Namespace(model='lenet', model_path='None', saved_model='lenet_cifar10.pt', data_path='/data/shenghao/dataset/', importance_file='/home/shenghao/torch-deepimportance/captum_demo/saved_files/plane_lenet_importance_fc1.json', viz=False, epochs=10, device='cuda:0', is_cifar10=True, test_image='horse', attr='lrp', layer_index=3, capture_all=True, use_silhouette=False, n_clusters=2, cluster_scores=False, top_m_neurons=10)
Files already downloaded and verified
Files already downloaded and verified
Selecting top 10 neurons (FC layer).
Getting the Class: plane
The cluster labels: [0 0 1 0 0 1 0 0 1 1], etc., with number of clusters: 2
Activation values clustered.
GroundTruth: horse, Model Layer: Linear(in_features=400, out_features=120, bias=True)
Selecting top 10 neurons (FC layer).
Getting the Class: horse
Total INCC combinations: 1024
Max Coverage (the best we can achieve): 97.656250%
IDC Coverage: 19.335938%
--- Processing class: ship ---
Namespace(model='lenet', model_path='None', saved_model='lenet_cifar10.pt', data_path='/data/shenghao/dataset/', importance_file='/home/shenghao/torch-deepimportance/captum_demo/saved_files/plane_lenet_importance_fc1.json', viz=False, epochs=10, device='cuda:0', is_cifar10=True, test_image='ship', attr='lrp', layer_index=3, capture_all=True, use_silhouette=False, n_clusters=2, cluster_scores=False, top_m_neurons=10)
Files already downloaded and verified
Files already downloaded and verified
Selecting top 10 neurons (FC layer).
Getting the Class: plane
The cluster labels: [1 0 0 0 0 0 0 1 0 0], etc., with number of clusters: 2
Activation values clustered.
GroundTruth: ship, Model Layer: Linear(in_features=400, out_features=120, bias=True)
Selecting top 10 neurons (FC layer).
Getting the Class: ship
Total INCC combinations: 1024
Max Coverage (the best we can achieve): 97.656250%
IDC Coverage: 17.578125%
--- Processing class: truck ---
Namespace(model='lenet', model_path='None', saved_model='lenet_cifar10.pt', data_path='/data/shenghao/dataset/', importance_file='/home/shenghao/torch-deepimportance/captum_demo/saved_files/plane_lenet_importance_fc1.json', viz=False, epochs=10, device='cuda:0', is_cifar10=True, test_image='truck', attr='lrp', layer_index=3, capture_all=True, use_silhouette=False, n_clusters=2, cluster_scores=False, top_m_neurons=10)
Files already downloaded and verified
Files already downloaded and verified
Selecting top 10 neurons (FC layer).
Getting the Class: plane
The cluster labels: [0 0 0 1 0 1 1 1 1 1], etc., with number of clusters: 2
Activation values clustered.
GroundTruth: truck, Model Layer: Linear(in_features=400, out_features=120, bias=True)
Selecting top 10 neurons (FC layer).
Getting the Class: truck
Total INCC combinations: 1024
Max Coverage (the best we can achieve): 97.656250%
IDC Coverage: 13.085938%